<?xml version="1.0" encoding="UTF-8"?>
<!-- Generated by org.testng.reporters.JUnitReportReporter -->
<testsuite hostname="SL-BR-LT-0155" failures="0" tests="1" name="sumudu.NewTest" time="0.014" errors="0" timestamp="2022-10-03T23:32:10 IST" skipped="0">
  <testcase classname="sumudu.NewTest" name="f" time="0.014"/>
  <system-out/>
</testsuite> <!-- sumudu.NewTest -->
